# JRE version: OpenJDK Runtime Environment (21.0.5) (build 21.0.5+-12932927-b750.29)
# Java VM: OpenJDK 64-Bit Server VM (21.0.5+-12932927-b750.29, mixed mode, tiered, compressed oops, compressed class ptrs, g1 gc, windows-amd64)
GC Precious Log:
 CardTable entry size: 512
 Card Set container configuration: InlinePtr #cards 4 size 8 Array Of Cards #cards 32 size 80 Howl #buckets 8 coarsen threshold 7372 Howl Bitmap #cards 1024 size 144 coarsen threshold 921 Card regions per heap region 1 cards per card region 8192
 CPUs: 12 total, 12 available
 Memory: 8059M
 Large Page Support: Disabled
 NUMA Support: Disabled
 Compressed Oops: Enabled (Zero based)
 Heap Region Size: 4M
 Heap Min Capacity: 8M
 Heap Initial Capacity: 128M
 Heap Max Capacity: 8G
 Pre-touch: Disabled
 Parallel Workers: 10
 Concurrent Workers: 3
 Concurrent Refinement Workers: 10
 Periodic GC: Disabled
Heap:
 garbage-first heap   total 958464K, used 343241K [0x0000000600000000, 0x0000000800000000)
  region size 4096K, 2 young (8192K), 2 survivors (8192K)
 Metaspace       used 191953K, committed 195008K, reserved 1245184K
  class space    used 25168K, committed 26624K, reserved 1048576K
GC Heap History (20 events):
Event: 133.018 GC heap after
{Heap after GC invocations=61 (full 0):
 garbage-first heap   total 610304K, used 337165K [0x0000000600000000, 0x0000000800000000)
  region size 4096K, 3 young (12288K), 3 survivors (12288K)
 Metaspace       used 167034K, committed 169920K, reserved 1245184K
  class space    used 22232K, committed 23616K, reserved 1048576K
}
Event: 136.317 GC heap before
{Heap before GC invocations=61 (full 0):
 garbage-first heap   total 610304K, used 562445K [0x0000000600000000, 0x0000000800000000)
  region size 4096K, 54 young (221184K), 3 survivors (12288K)
 Metaspace       used 177488K, committed 180352K, reserved 1245184K
  class space    used 23834K, committed 25216K, reserved 1048576K
}
Event: 136.558 GC heap after
{Heap after GC invocations=62 (full 0):
 garbage-first heap   total 622592K, used 380553K [0x0000000600000000, 0x0000000800000000)
  region size 4096K, 7 young (28672K), 7 survivors (28672K)
 Metaspace       used 177488K, committed 180352K, reserved 1245184K
  class space    used 23834K, committed 25216K, reserved 1048576K
}
Event: 136.600 GC heap before
{Heap before GC invocations=62 (full 0):
 garbage-first heap   total 622592K, used 384649K [0x0000000600000000, 0x0000000800000000)
  region size 4096K, 8 young (32768K), 7 survivors (28672K)
 Metaspace       used 177539K, committed 180416K, reserved 1245184K
  class space    used 23840K, committed 25216K, reserved 1048576K
}
Event: 136.663 GC heap after
{Heap after GC invocations=63 (full 0):
 garbage-first heap   total 847872K, used 386690K [0x0000000600000000, 0x0000000800000000)
  region size 4096K, 1 young (4096K), 1 survivors (4096K)
 Metaspace       used 177539K, committed 180416K, reserved 1245184K
  class space    used 23840K, committed 25216K, reserved 1048576K
}
Event: 143.515 GC heap before
{Heap before GC invocations=63 (full 0):
 garbage-first heap   total 847872K, used 628354K [0x0000000600000000, 0x0000000800000000)
  region size 4096K, 61 young (249856K), 1 survivors (4096K)
 Metaspace       used 181290K, committed 184192K, reserved 1245184K
  class space    used 24187K, committed 25600K, reserved 1048576K
}
Event: 143.757 GC heap after
{Heap after GC invocations=64 (full 0):
 garbage-first heap   total 847872K, used 402050K [0x0000000600000000, 0x0000000800000000)
  region size 4096K, 5 young (20480K), 5 survivors (20480K)
 Metaspace       used 181290K, committed 184192K, reserved 1245184K
  class space    used 24187K, committed 25600K, reserved 1048576K
}
Event: 144.038 GC heap before
{Heap before GC invocations=64 (full 0):
 garbage-first heap   total 847872K, used 422530K [0x0000000600000000, 0x0000000800000000)
  region size 4096K, 11 young (45056K), 5 survivors (20480K)
 Metaspace       used 181291K, committed 184192K, reserved 1245184K
  class space    used 24187K, committed 25600K, reserved 1048576K
}
Event: 144.407 GC heap after
{Heap after GC invocations=65 (full 0):
 garbage-first heap   total 847872K, used 402928K [0x0000000600000000, 0x0000000800000000)
  region size 4096K, 5 young (20480K), 5 survivors (20480K)
 Metaspace       used 181291K, committed 184192K, reserved 1245184K
  class space    used 24187K, committed 25600K, reserved 1048576K
}
Event: 203.672 GC heap before
{Heap before GC invocations=65 (full 0):
 garbage-first heap   total 847872K, used 554480K [0x0000000600000000, 0x0000000800000000)
  region size 4096K, 38 young (155648K), 5 survivors (20480K)
 Metaspace       used 182152K, committed 184960K, reserved 1245184K
  class space    used 24222K, committed 25600K, reserved 1048576K
}
Event: 203.825 GC heap after
{Heap after GC invocations=66 (full 0):
 garbage-first heap   total 847872K, used 393555K [0x0000000600000000, 0x0000000800000000)
  region size 4096K, 2 young (8192K), 2 survivors (8192K)
 Metaspace       used 182152K, committed 184960K, reserved 1245184K
  class space    used 24222K, committed 25600K, reserved 1048576K
}
Event: 209.486 GC heap before
{Heap before GC invocations=66 (full 0):
 garbage-first heap   total 847872K, used 684371K [0x0000000600000000, 0x0000000800000000)
  region size 4096K, 74 young (303104K), 2 survivors (8192K)
 Metaspace       used 184389K, committed 187328K, reserved 1245184K
  class space    used 24437K, committed 25920K, reserved 1048576K
}
Event: 209.539 GC heap after
{Heap after GC invocations=67 (full 0):
 garbage-first heap   total 847872K, used 408885K [0x0000000600000000, 0x0000000800000000)
  region size 4096K, 5 young (20480K), 5 survivors (20480K)
 Metaspace       used 184389K, committed 187328K, reserved 1245184K
  class space    used 24437K, committed 25920K, reserved 1048576K
}
Event: 213.165 GC heap before
{Heap before GC invocations=67 (full 0):
 garbage-first heap   total 847872K, used 585013K [0x0000000600000000, 0x0000000800000000)
  region size 4096K, 38 young (155648K), 5 survivors (20480K)
 Metaspace       used 187780K, committed 190720K, reserved 1245184K
  class space    used 24874K, committed 26368K, reserved 1048576K
}
Event: 213.209 GC heap after
{Heap after GC invocations=68 (full 0):
 garbage-first heap   total 847872K, used 444706K [0x0000000600000000, 0x0000000800000000)
  region size 4096K, 2 young (8192K), 2 survivors (8192K)
 Metaspace       used 187780K, committed 190720K, reserved 1245184K
  class space    used 24874K, committed 26368K, reserved 1048576K
}
Event: 3188.660 GC heap before
{Heap before GC invocations=69 (full 0):
 garbage-first heap   total 847872K, used 735522K [0x0000000600000000, 0x0000000800000000)
  region size 4096K, 81 young (331776K), 2 survivors (8192K)
 Metaspace       used 189712K, committed 192640K, reserved 1245184K
  class space    used 25097K, committed 26560K, reserved 1048576K
}
Event: 3189.048 GC heap after
{Heap after GC invocations=70 (full 0):
 garbage-first heap   total 847872K, used 330449K [0x0000000600000000, 0x0000000800000000)
  region size 4096K, 5 young (20480K), 5 survivors (20480K)
 Metaspace       used 189712K, committed 192640K, reserved 1245184K
  class space    used 25097K, committed 26560K, reserved 1048576K
}
Event: 3253.300 GC heap before
{Heap before GC invocations=70 (full 0):
 garbage-first heap   total 892928K, used 883409K [0x0000000600000000, 0x0000000800000000)
  region size 4096K, 113 young (462848K), 5 survivors (20480K)
 Metaspace       used 191953K, committed 195008K, reserved 1245184K
  class space    used 25168K, committed 26624K, reserved 1048576K
}
Event: 3254.506 GC heap after
{Heap after GC invocations=71 (full 0):
 garbage-first heap   total 958464K, used 340466K [0x0000000600000000, 0x0000000800000000)
  region size 4096K, 15 young (61440K), 15 survivors (61440K)
 Metaspace       used 191953K, committed 195008K, reserved 1245184K
  class space    used 25168K, committed 26624K, reserved 1048576K
}
Event: 3254.566 GC heap before
{Heap before GC invocations=71 (full 0):
 garbage-first heap   total 958464K, used 340466K [0x0000000600000000, 0x0000000800000000)
  region size 4096K, 16 young (65536K), 15 survivors (61440K)
 Metaspace       used 191953K, committed 195008K, reserved 1245184K
  class space    used 25168K, committed 26624K, reserved 1048576K
}

